2024-01-31 15:10:09,525 INFO:main.py:240:print_splash_screen:PDB2PQR v3.6.1: biomolecular structure conversion software.
2024-01-31 15:10:09,525 INFO:main.py:242:print_splash_screen:Please cite:  Jurrus E, et al.  Improvements to the APBS biomolecular solvation software suite.  Protein Sci 27 112-128 (2018).
2024-01-31 15:10:09,525 INFO:main.py:242:print_splash_screen:Please cite:  Dolinsky TJ, et al.  PDB2PQR: expanding and upgrading automated preparation of biomolecular structures for molecular simulations. Nucleic Acids Res 35 W522-W525 (2007).
2024-01-31 15:10:09,525 INFO:main.py:759:main_driver:Checking and transforming input arguments.
2024-01-31 15:10:09,527 INFO:main.py:763:main_driver:Loading topology files.
2024-01-31 15:10:09,607 INFO:main.py:765:main_driver:Loading molecule: /Users/moonbi/Developer/Bioinformatics_3/Project_Docking_Practice1_3HMM/input/receptor.pdb
2024-01-31 15:10:09,628 INFO:main.py:768:main_driver:Dropping water from structure.
2024-01-31 15:10:09,631 INFO:main.py:770:main_driver:Setting up molecule.
2024-01-31 15:10:09,692 WARNING:biomolecule.py:992:create_residue:Unable to find amino or nucleic acid definition for 855.  Parsing as new residue.
2024-01-31 15:10:09,693 INFO:main.py:408:setup_molecule:Created biomolecule object with 294 residues and 2378 atoms.
2024-01-31 15:10:09,693 INFO:main.py:774:main_driver:Setting termini states for biomolecule chains.
2024-01-31 15:10:09,704 WARNING:biomolecule.py:615:update_bonds:Gap in backbone detected between ALA A 168 and GLY A 174!
2024-01-31 15:10:09,705 INFO:main.py:604:non_trivial:Loading forcefield.
2024-01-31 15:10:09,720 INFO:main.py:608:non_trivial:Loading hydrogen topology definitions.
2024-01-31 15:10:09,731 WARNING:biomolecule.py:157:num_missing_heavy:Missing atom OXT in residue GLN A 298
2024-01-31 15:10:09,732 WARNING:biomolecule.py:157:num_missing_heavy:Missing atom OXT in residue GLN A 298
2024-01-31 15:10:09,732 INFO:main.py:618:non_trivial:Attempting to repair 1 missing atoms in biomolecule.
2024-01-31 15:10:09,734 WARNING:biomolecule.py:157:num_missing_heavy:Missing atom OXT in residue GLN A 298
2024-01-31 15:10:09,736 INFO:biomolecule.py:1077:repair_heavy:Added atom OXT to residue GLN A 298 at coordinates 9.759, 100.869, 2.415
2024-01-31 15:10:09,736 INFO:main.py:623:non_trivial:Updating disulfide bridges.
2024-01-31 15:10:09,736 INFO:main.py:626:non_trivial:Debumping biomolecule.
2024-01-31 15:10:09,847 INFO:main.py:633:non_trivial:Assigning titration states with PROPKA.
2024-01-31 15:10:09,870 INFO:output.py:74:print_header:
propka3.5.1                                                                                  2024-01-31

-------------------------------------------------------------------------------
--                                                                           --
--  PROPKA: A PROTEIN PKA PREDICTOR                                          --
--                                                                           --
--  VERSION 1.0,  04/25/2004,  IOWA CITY                                     --
--  BY HUI LI                                                                --
--                                                                           --
--  VERSION 2.0,  11/05/2007, IOWA CITY/COPENHAGEN                           --
--  BY DELPHINE C. BAS AND DAVID M. ROGERS                                   --
--                                                                           --
--  VERSION 3.0,  01/06/2011, COPENHAGEN                                     --
--  BY MATS H.M. OLSSON AND CHRESTEN R. SONDERGARD                           --
--                                                                           --
--  VERSION 3.1,  07/01/2011, COPENHAGEN                                     --
--  BY CHRESTEN R. SONDERGARD AND MATS H.M. OLSSON                           --
--                                                                           --
--  VERSION 3.2,  06/17/2020, PLANET EARTH                                   --
--  SEE ABOVE FOR AUTHORS                                                    --
--                                                                           --
-------------------------------------------------------------------------------


-------------------------------------------------------------------------------
References:

Very Fast Empirical Prediction and Rationalization of Protein pKa Values.
Hui Li, Andrew D. Robertson and Jan H. Jensen. PROTEINS: Structure, Function,
and Bioinformatics. 61:704-721 (2005)

Very Fast Prediction and Rationalization of pKa Values for Protein-Ligand
Complexes.  Delphine C. Bas, David M. Rogers and Jan H. Jensen.  PROTEINS:
Structure, Function, and Bioinformatics 73:765-783 (2008)

PROPKA3: Consistent Treatment of Internal and Surface Residues in Empirical
pKa predictions.  Mats H.M. Olsson, Chresten R. Sondergard, Michal Rostkowski,
and Jan H. Jensen.  Journal of Chemical Theory and Computation, 7(2):525-537
(2011)

Improved Treatment of Ligands and Coupling Effects in Empirical Calculation
and Rationalization of pKa Values.  Chresten R. Sondergaard, Mats H.M. Olsson,
Michal Rostkowski, and Jan H. Jensen.  Journal of Chemical Theory and
Computation, (2011)
-------------------------------------------------------------------------------



2024-01-31 15:10:09,994 WARNING:group.py:385:set_interaction_atoms:Missing atoms or failed protonation for GLY 174 A (BBN) -- please check the structure
2024-01-31 15:10:09,995 WARNING:group.py:386:set_interaction_atoms:Group (BBN) for  1334-   N   174-GLY (A) [  12.144   67.776   22.622] N
2024-01-31 15:10:09,995 WARNING:group.py:393:set_interaction_atoms:Expected 2 interaction atoms for acids, found:
2024-01-31 15:10:09,995 WARNING:group.py:397:set_interaction_atoms:                 0-  H1   174-GLY (A) [  12.258   66.788   22.447] H
2024-01-31 15:10:09,995 WARNING:group.py:397:set_interaction_atoms:                 0-  H2   174-GLY (A) [  11.161   68.007   22.620] H
2024-01-31 15:10:09,995 WARNING:group.py:397:set_interaction_atoms:              1334-   N   174-GLY (A) [  12.144   67.776   22.622] N
2024-01-31 15:10:09,995 WARNING:group.py:400:set_interaction_atoms:Expected 2 interaction atoms for bases, found:
2024-01-31 15:10:09,995 WARNING:group.py:404:set_interaction_atoms:                 0-  H1   174-GLY (A) [  12.258   66.788   22.447] H
2024-01-31 15:10:09,995 WARNING:group.py:404:set_interaction_atoms:                 0-  H2   174-GLY (A) [  11.161   68.007   22.620] H
2024-01-31 15:10:09,995 WARNING:group.py:404:set_interaction_atoms:              1334-   N   174-GLY (A) [  12.144   67.776   22.622] N
2024-01-31 15:10:10,022 INFO:group.py:1109:__init__:Found N32 group:  2361-  N5   857-855 (A) [  17.395   68.128    5.153] N
2024-01-31 15:10:10,025 INFO:group.py:860:__init__:Found NAR group:  2363-  N7   857-855 (A) [  12.574   64.838    5.586] N
2024-01-31 15:10:10,026 INFO:group.py:860:__init__:Found NAR group:  2365-  N9   857-855 (A) [  15.662   66.579    5.254] N
2024-01-31 15:10:10,027 INFO:group.py:860:__init__:Found NAR group:  2370- N15   857-855 (A) [  17.404   69.414    1.099] N
2024-01-31 15:10:10,028 INFO:group.py:860:__init__:Found NAR group:  2379- N24   857-855 (A) [  14.580   65.915    7.272] N
2024-01-31 15:10:10,033 INFO:conformation_container.py:124:find_covalently_coupled_groups:Coupling map:
Covalent coupling map for Conformation container 1A with 2879 atoms and 745 groups
            855  N7 A | 855  N9 A | 855 N24 A | 
855  N7 A             |     X     |     X     | 
855  N9 A       X     |           |     X     | 
855 N24 A       X     |     X     |           | 
2024-01-31 15:10:10,034 INFO:conformation_container.py:213:calculate_pka:Calculating pKas for Conformation container 1A with 2879 atoms and 745 groups
2024-01-31 15:10:10,909 INFO:conformation_container.py:235:calculate_pka:Removing penalised groups!!!
2024-01-31 15:10:10,986 INFO:output.py:225:print_pka_section:pKa determinants:

---------  -----   ------   ---------------------    --------------    --------------    --------------
                            DESOLVATION  EFFECTS       SIDECHAIN          BACKBONE        COULOMBIC
 RESIDUE    pKa    BURIED     REGULAR      RE        HYDROGEN BOND     HYDROGEN BOND      INTERACTION
---------  -----   ------   ---------   ---------    --------------    --------------    --------------

ASP  66 A   3.26    10 %    0.56  308   0.11    0    0.00 XXX   0 X   -0.28 ALA   2 A   -0.12 N+    1 A
ASP  66 A                                            0.00 XXX   0 X   -0.71 ASN  67 A   -0.05 ARG   3 A
ASP  66 A                                            0.00 XXX   0 X    0.00 XXX   0 X   -0.04 LYS  68 A

ASP  69 A   3.30     0 %    0.28  155   0.00    0    0.00 XXX   0 X   -0.78 GLY  71 A    0.00 XXX   0 X

ASP  81 A   4.39    52 %    1.05  426   0.32    0    0.00 XXX   0 X    0.00 XXX   0 X   -0.24 ARG  55 A
ASP  81 A                                            0.00 XXX   0 X    0.00 XXX   0 X   -0.21 LYS 142 A
ASP  81 A                                            0.00 XXX   0 X    0.00 XXX   0 X   -0.33 HIS  83 A

ASP  90 A   4.49    35 %    0.76  378   0.13    0   -0.11 SER  87 A    0.00 XXX   0 X   -0.00 ARG  94 A
ASP  90 A                                            0.00 XXX   0 X    0.00 XXX   0 X   -0.04 LYS 137 A
ASP  90 A                                            0.00 XXX   0 X    0.00 XXX   0 X   -0.05 855  N5 A

ASP 133 A   4.39    82 %    2.31  510   0.91    0   -0.77 THR 175 A   -0.59 THR 175 A   -0.42 ARG  15 A
ASP 133 A                                            0.00 XXX   0 X    0.00 XXX   0 X   -0.05 ARG 132 A
ASP 133 A                                            0.00 XXX   0 X    0.00 XXX   0 X   -0.02 LYS 176 A
ASP 133 A                                            0.00 XXX   0 X    0.00 XXX   0 X    0.05 ASP 200 A
ASP 133 A                                            0.00 XXX   0 X    0.00 XXX   0 X   -0.75 HIS 131 A
ASP 133 A                                            0.00 XXX   0 X    0.00 XXX   0 X   -0.82 LYS 135 A
ASP 133 A                                            0.00 XXX   0 X    0.00 XXX   0 X    0.74 ASP 151 A

ASP 151 A   2.73*   97 %    2.74  554   0.00    0   -0.01 ARG  15 A    0.00 XXX   0 X   -0.41 LYS 135 A
ASP 151 A                                            0.00 XXX   0 X    0.00 XXX   0 X   -0.15 855  N5 A
ASP 151 A                                            0.00 XXX   0 X    0.00 XXX   0 X   -1.00 ARG  15 A
ASP 151 A                                            0.00 XXX   0 X    0.00 XXX   0 X   -1.50 LYS  32 A
ASP 151 A                                            0.00 XXX   0 X    0.00 XXX   0 X   -0.73 HIS 131 A

ASP 159 A   2.85     0 %    0.33  228   0.00    0   -0.84 THR 162 A   -0.34 THR 162 A   -0.10 HIS 158 A

ASP 163 A   3.00     0 %    0.33  239   0.00    0   -0.69 HIS 158 A    0.00 XXX   0 X   -0.01 LYS 191 A
ASP 163 A                                            0.00 XXX   0 X    0.00 XXX   0 X    0.02 ASP 159 A
ASP 163 A                                            0.00 XXX   0 X    0.00 XXX   0 X   -0.18 HIS 192 A
ASP 163 A                                            0.00 XXX   0 X    0.00 XXX   0 X   -0.27 HIS 158 A

ASP 166 A   1.85    41 %    1.86  397   0.31    0   -1.30 ARG  44 A   -0.79 ARG 157 A   -0.05 ARG 132 A
ASP 166 A                                           -0.80 ARG 157 A   -0.12 ASP 166 A   -0.58 ARG  44 A
ASP 166 A                                            0.00 XXX   0 X   -0.00 ILE 167 A   -0.48 ARG 157 A

ASP 185 A   3.01    13 %    0.79  318   0.09    0   -0.85 SER 187 A   -0.07 ASP 185 A   -0.05 ARG 242 A
ASP 185 A                                            0.00 XXX   0 X   -0.67 SER 187 A   -0.04 LYS 249 A

ASP 186 A   4.09     0 %    0.21  238   0.00    0    0.00 XXX   0 X    0.00 XXX   0 X   -0.01 ARG 242 A
ASP 186 A                                            0.00 XXX   0 X    0.00 XXX   0 X    0.08 ASP 185 A
ASP 186 A                                            0.00 XXX   0 X    0.00 XXX   0 X    0.01 GLU 239 A

ASP 200 A   2.81   100 %    3.59  654   1.04    0   -1.60 HIS 117 A   -0.76 HIS 131 A   -0.14 ARG 132 A
ASP 200 A                                            0.00 XXX   0 X   -0.80 ARG 132 A   -0.00 LYS 197 A
ASP 200 A                                            0.00 XXX   0 X    0.00 XXX   0 X   -1.42 HIS 117 A
ASP 200 A                                            0.00 XXX   0 X    0.00 XXX   0 X   -0.89 HIS 131 A

ASP 223 A   3.72     0 %    0.19  250   0.00    0    0.00 XXX   0 X    0.00 XXX   0 X   -0.12 ARG 213 A
ASP 223 A                                            0.00 XXX   0 X    0.00 XXX   0 X   -0.11 ARG 214 A
ASP 223 A                                            0.00 XXX   0 X    0.00 XXX   0 X   -0.09 HIS 221 A
ASP 223 A                                            0.00 XXX   0 X    0.00 XXX   0 X    0.05 GLU 222 A

ASP 230 A   3.99    10 %    0.65  309   0.00    0   -0.03 TYR 229 A   -0.36 ASP 230 A   -0.07 ARG 213 A

ASP 235 A   3.77     0 %    0.17  220   0.00    0    0.00 XXX   0 X    0.00 XXX   0 X   -0.01 LYS 135 A
ASP 235 A                                            0.00 XXX   0 X    0.00 XXX   0 X   -0.05 LYS 137 A
ASP 235 A                                            0.00 XXX   0 X    0.00 XXX   0 X   -0.10 LYS 176 A
ASP 235 A                                            0.00 XXX   0 X    0.00 XXX   0 X   -0.04 ARG 177 A

GLU   9 A   3.69     0 %    0.28  234   0.00    0   -0.76 ARG  21 A    0.00 XXX   0 X   -0.33 ARG  21 A

GLU  18 A   4.06     0 %    0.47  280   0.00    0   -0.85 SER  10 A    0.00 XXX   0 X   -0.06 LYS  13 A

GLU  27 A   4.82     0 %    0.22  255   0.00    0    0.00 XXX   0 X    0.00 XXX   0 X    0.01 GLU  28 A
GLU  27 A                                            0.00 XXX   0 X    0.00 XXX   0 X    0.09 ASP  81 A

GLU  28 A   4.51     0 %    0.38  273   0.00    0   -0.07 ARG  21 A    0.00 XXX   0 X   -0.23 ARG  21 A
GLU  28 A                                            0.00 XXX   0 X    0.00 XXX   0 X   -0.25 LYS  23 A
GLU  28 A                                            0.00 XXX   0 X    0.00 XXX   0 X    0.04 GLU   9 A
GLU  28 A                                            0.00 XXX   0 X    0.00 XXX   0 X    0.15 GLU  84 A

GLU  38 A   4.09    11 %    0.70  313   0.05    0    0.00 XXX   0 X   -0.84 SER  35 A   -0.18 LYS  13 A
GLU  38 A                                            0.00 XXX   0 X    0.00 XXX   0 X   -0.14 ARG  37 A

GLU  39 A   4.59     0 %    0.24  229   0.00    0    0.00 XXX   0 X    0.00 XXX   0 X   -0.16 ARG  40 A

GLU  45 A   5.80*  100 %    3.50  590   0.12    0   -0.85 LYS  32 A   -0.01 LEU 152 A   -0.08 855  N5 A
GLU  45 A                                            0.00 XXX   0 X    0.00 XXX   0 X   -0.53 ARG  15 A
GLU  45 A                                            0.00 XXX   0 X    0.00 XXX   0 X   -2.03 LYS  32 A
GLU  45 A                                            0.00 XXX   0 X    0.00 XXX   0 X    1.18 ASP 151 A

GLU  47 A   3.84    11 %    0.58  312   0.04    0   -0.70 ARG  44 A    0.00 XXX   0 X   -0.07 ARG  40 A
GLU  47 A                                            0.00 XXX   0 X    0.00 XXX   0 X   -0.37 ARG 157 A
GLU  47 A                                            0.00 XXX   0 X    0.00 XXX   0 X    0.21 ASP 166 A
GLU  47 A                                            0.00 XXX   0 X    0.00 XXX   0 X   -0.36 ARG  44 A

GLU  57 A   4.30     0 %    0.20  278   0.00    0    0.00 XXX   0 X    0.00 XXX   0 X   -0.14 LYS 142 A
GLU  57 A                                            0.00 XXX   0 X    0.00 XXX   0 X   -0.05 LYS 289 A
GLU  57 A                                            0.00 XXX   0 X    0.00 XXX   0 X   -0.22 HIS  56 A

GLU  84 A   4.33     0 %    0.16  242   0.00    0    0.00 XXX   0 X    0.00 XXX   0 X   -0.03 ARG  21 A
GLU  84 A                                            0.00 XXX   0 X    0.00 XXX   0 X   -0.05 ARG  94 A
GLU  84 A                                            0.00 XXX   0 X    0.00 XXX   0 X   -0.14 LYS 143 A
GLU  84 A                                            0.00 XXX   0 X    0.00 XXX   0 X    0.01 GLU   9 A
GLU  84 A                                            0.00 XXX   0 X    0.00 XXX   0 X   -0.12 HIS  85 A

GLU 100 A   4.19     0 %    0.30  269   0.00    0    0.00 XXX   0 X   -0.66 GLU 100 A   -0.01 LYS 104 A
GLU 100 A                                            0.00 XXX   0 X    0.00 XXX   0 X    0.06 C-  298 A

GLU 119 A   3.96     0 %    0.43  269   0.00    0   -0.85 SER 160 A    0.00 XXX   0 X   -0.05 LYS 126 A
GLU 119 A                                            0.00 XXX   0 X    0.00 XXX   0 X   -0.01 LYS 197 A
GLU 119 A                                            0.00 XXX   0 X    0.00 XXX   0 X   -0.12 HIS 158 A
GLU 119 A                                            0.00 XXX   0 X    0.00 XXX   0 X    0.07 ASP 159 A

GLU 182 A   4.31    75 %    2.64  490   0.51    0   -1.52 ARG 282 A   -0.77 GLU 182 A   -0.05 ARG 198 A
GLU 182 A                                            0.00 XXX   0 X    0.00 XXX   0 X   -0.07 ARG 251 A
GLU 182 A                                            0.00 XXX   0 X    0.00 XXX   0 X    0.14 ASP 185 A
GLU 182 A                                            0.00 XXX   0 X    0.00 XXX   0 X   -1.07 ARG 282 A

GLU 194 A   3.69    41 %    1.16  397   0.00    0   -0.64 LYS 197 A    0.00 XXX   0 X   -0.30 ARG 198 A
GLU 194 A                                            0.00 XXX   0 X    0.00 XXX   0 X   -0.21 HIS 117 A
GLU 194 A                                            0.00 XXX   0 X    0.00 XXX   0 X   -0.09 HIS 158 A
GLU 194 A                                            0.00 XXX   0 X    0.00 XXX   0 X    0.04 ASP 163 A
GLU 194 A                                            0.00 XXX   0 X    0.00 XXX   0 X   -0.16 HIS 192 A
GLU 194 A                                            0.00 XXX   0 X    0.00 XXX   0 X   -0.62 LYS 197 A

GLU 210 A   6.76   100 %    4.10  629   0.99    0   -0.85 SER 136 A    0.00 XXX   0 X   -0.12 LYS 137 A
GLU 210 A                                           -0.85 TYR 178 A    0.00 XXX   0 X   -0.14 ARG 177 A
GLU 210 A                                           -0.85 TYR 224 A    0.00 XXX   0 X   -0.01 ARG 213 A

GLU 222 A   3.39    39 %    1.74  391   0.28    0   -0.64 TRP 258 A   -0.06 GLU 222 A   -0.28 ARG 213 A
GLU 222 A                                           -1.51 ARG 257 A    0.00 XXX   0 X   -0.03 ARG 214 A
GLU 222 A                                            0.00 XXX   0 X    0.00 XXX   0 X   -0.09 HIS 221 A
GLU 222 A                                            0.00 XXX   0 X    0.00 XXX   0 X   -0.52 ARG 257 A

GLU 239 A   3.02     0 %    0.32  191   0.00    0   -1.23 ARG 242 A    0.00 XXX   0 X   -0.19 LYS 243 A
GLU 239 A                                            0.00 XXX   0 X    0.00 XXX   0 X   -0.38 ARG 242 A

GLU 240 A   4.09     0 %    0.42  220   0.00    0   -0.10 SER 237 A   -0.71 SER 237 A   -0.00 ARG 177 A
GLU 240 A                                            0.00 XXX   0 X    0.00 XXX   0 X   -0.06 LYS 243 A
GLU 240 A                                            0.00 XXX   0 X    0.00 XXX   0 X    0.04 ASP 235 A

GLU 247 A   3.81     0 %    0.23  179   0.00    0   -0.59 ARG 242 A    0.00 XXX   0 X   -0.12 LYS 243 A
GLU 247 A                                            0.00 XXX   0 X    0.00 XXX   0 X   -0.03 LYS 249 A
GLU 247 A                                            0.00 XXX   0 X    0.00 XXX   0 X    0.08 GLU 239 A
GLU 247 A                                            0.00 XXX   0 X    0.00 XXX   0 X   -0.28 ARG 242 A

GLU 262 A   4.02     0 %    0.29  235   0.00    0   -0.42 ARG 265 A    0.00 XXX   0 X   -0.35 ARG 265 A

GLU 273 A   4.09    17 %    0.74  328   0.10    0   -0.85 LYS 269 A    0.00 XXX   0 X   -0.40 LYS 269 A

C-  298 A   3.42     0 %    0.22  176   0.00    0    0.00 XXX   0 X    0.00 XXX   0 X    0.00 XXX   0 X

HIS  56 A   5.04    46 %   -1.39  411   0.00    0    0.00 XXX   0 X    0.00 XXX   0 X   -0.04 LYS 126 A
HIS  56 A                                            0.00 XXX   0 X    0.00 XXX   0 X   -0.07 LYS 142 A
HIS  56 A                                            0.00 XXX   0 X    0.00 XXX   0 X   -0.19 LYS 289 A
HIS  56 A                                            0.00 XXX   0 X    0.00 XXX   0 X    0.22 GLU  57 A

HIS  83 A   4.43    67 %   -1.85  470   0.00    0    0.00 XXX   0 X    0.00 XXX   0 X   -0.37 LYS 142 A
HIS  83 A                                            0.00 XXX   0 X    0.00 XXX   0 X   -0.14 855  N5 A
HIS  83 A                                            0.00 XXX   0 X    0.00 XXX   0 X    0.33 ASP  81 A
HIS  83 A                                            0.00 XXX   0 X    0.00 XXX   0 X   -0.03 HIS  85 A

HIS  85 A   5.71    19 %   -0.74  334   0.00    0    0.00 XXX   0 X    0.00 XXX   0 X   -0.08 ARG  94 A
HIS  85 A                                            0.00 XXX   0 X    0.00 XXX   0 X   -0.09 LYS 143 A
HIS  85 A                                            0.00 XXX   0 X    0.00 XXX   0 X    0.12 GLU  84 A

HIS 115 A   4.40    50 %   -1.71  422   0.00    0    0.00 XXX   0 X    0.70 LEU  54 A   -0.52 LYS 126 A
HIS 115 A                                            0.00 XXX   0 X    0.00 XXX   0 X   -0.05 LYS 289 A
HIS 115 A                                            0.00 XXX   0 X    0.00 XXX   0 X   -0.52 HIS  56 A

HIS 117 A   5.75   100 %   -3.25  607   0.00    0    1.60 ASP 200 A    0.00 XXX   0 X   -0.20 LYS 126 A
HIS 117 A                                            0.00 XXX   0 X    0.00 XXX   0 X   -0.53 LYS 197 A
HIS 117 A                                            0.00 XXX   0 X    0.00 XXX   0 X    0.21 GLU 194 A
HIS 117 A                                            0.00 XXX   0 X    0.00 XXX   0 X    1.42 ASP 200 A

HIS 131 A   5.45   100 %   -3.07  648   0.00    0    0.10 ASN 138 A    0.02 ASP 133 A   -0.22 ARG  15 A
HIS 131 A                                            0.00 XXX   0 X    0.02 ASP 151 A   -0.02 LYS  32 A
HIS 131 A                                            0.00 XXX   0 X    0.00 XXX   0 X   -0.05 ARG 132 A
HIS 131 A                                            0.00 XXX   0 X    0.00 XXX   0 X   -0.09 LYS 135 A
HIS 131 A                                            0.00 XXX   0 X    0.00 XXX   0 X   -0.10 HIS 117 A
HIS 131 A                                            0.00 XXX   0 X    0.00 XXX   0 X    0.75 ASP 133 A
HIS 131 A                                            0.00 XXX   0 X    0.00 XXX   0 X    0.73 ASP 151 A
HIS 131 A                                            0.00 XXX   0 X    0.00 XXX   0 X    0.89 ASP 200 A

HIS 158 A   6.70    17 %   -0.98  328   0.00    0    0.69 ASP 163 A    0.00 XXX   0 X   -0.09 LYS 197 A
HIS 158 A                                            0.00 XXX   0 X    0.00 XXX   0 X    0.12 GLU 119 A
HIS 158 A                                            0.00 XXX   0 X    0.00 XXX   0 X    0.10 ASP 159 A
HIS 158 A                                            0.00 XXX   0 X    0.00 XXX   0 X    0.09 GLU 194 A
HIS 158 A                                            0.00 XXX   0 X    0.00 XXX   0 X    0.27 ASP 163 A

HIS 192 A   6.10     5 %   -0.42  294   0.00    0    0.00 XXX   0 X    0.00 XXX   0 X   -0.03 LYS 197 A
HIS 192 A                                            0.00 XXX   0 X    0.00 XXX   0 X   -0.24 ARG 198 A
HIS 192 A                                            0.00 XXX   0 X    0.00 XXX   0 X   -0.05 HIS 158 A
HIS 192 A                                            0.00 XXX   0 X    0.00 XXX   0 X    0.18 ASP 163 A
HIS 192 A                                            0.00 XXX   0 X    0.00 XXX   0 X    0.16 GLU 194 A

HIS 221 A   5.87     1 %   -0.46  285   0.00    0    0.00 XXX   0 X    0.00 XXX   0 X   -0.24 ARG 214 A
HIS 221 A                                            0.00 XXX   0 X    0.00 XXX   0 X   -0.12 ARG 257 A
HIS 221 A                                            0.00 XXX   0 X    0.00 XXX   0 X    0.09 GLU 222 A
HIS 221 A                                            0.00 XXX   0 X    0.00 XXX   0 X    0.09 ASP 223 A

CYS 147 A  11.22   100 %    3.62  596   0.00    0   -0.54 SER 108 A    0.00 XXX   0 X   -0.01 LYS 142 A
CYS 147 A                                           -0.85 THR 109 A    0.00 XXX   0 X    0.00 XXX   0 X

CYS 148 A  12.22    93 %    3.32  541   0.00    0    0.00 XXX   0 X    0.00 XXX   0 X   -0.54 LYS 142 A
CYS 148 A                                            0.00 XXX   0 X    0.00 XXX   0 X   -0.18 855  N5 A
CYS 148 A                                            0.00 XXX   0 X    0.00 XXX   0 X    0.18 ASP  81 A
CYS 148 A                                            0.00 XXX   0 X    0.00 XXX   0 X    0.44 CYS 147 A

CYS 215 A  11.37    58 %    2.21  445   0.00    0    0.00 XXX   0 X    0.00 XXX   0 X   -0.24 ARG 257 A
CYS 215 A                                            0.00 XXX   0 X    0.00 XXX   0 X    0.09 GLU 100 A
CYS 215 A                                            0.00 XXX   0 X    0.00 XXX   0 X    0.06 GLU 222 A
CYS 215 A                                            0.00 XXX   0 X    0.00 XXX   0 X    0.25 CYS 261 A

CYS 246 A  10.57    29 %    1.44  362   0.00    0    0.00 XXX   0 X   -0.00 ASP 185 A   -0.14 ARG 242 A
CYS 246 A                                            0.00 XXX   0 X    0.00 XXX   0 X   -0.10 LYS 249 A
CYS 246 A                                            0.00 XXX   0 X    0.00 XXX   0 X   -0.14 ARG 251 A
CYS 246 A                                            0.00 XXX   0 X    0.00 XXX   0 X    0.08 GLU 182 A
CYS 246 A                                            0.00 XXX   0 X    0.00 XXX   0 X    0.36 ASP 185 A
CYS 246 A                                            0.00 XXX   0 X    0.00 XXX   0 X    0.01 GLU 239 A
CYS 246 A                                            0.00 XXX   0 X    0.00 XXX   0 X    0.05 GLU 247 A

CYS 261 A   8.60    23 %    1.02  347   0.00    0    0.00 XXX   0 X   -0.56 ALA 263 A   -0.06 ARG 257 A
CYS 261 A                                            0.00 XXX   0 X   -0.82 LEU 264 A   -0.11 ARG 265 A
CYS 261 A                                            0.00 XXX   0 X    0.00 XXX   0 X    0.06 GLU 100 A
CYS 261 A                                            0.00 XXX   0 X    0.00 XXX   0 X    0.07 GLU 262 A

CYS 274 A  12.59   100 %    3.69  589   0.00    0    0.00 XXX   0 X    0.00 XXX   0 X   -0.21 ARG 282 A
CYS 274 A                                            0.00 XXX   0 X    0.00 XXX   0 X    0.12 GLU 273 A

TYR  49 A  15.71   100 %    3.83  633   0.00    0    0.00 XXX   0 X   -0.08 ASP 151 A    0.36 CYS 148 A
TYR  49 A                                            0.00 XXX   0 X    0.00 XXX   0 X    0.47 ASP 151 A
TYR  49 A                                            0.00 XXX   0 X    0.00 XXX   0 X    1.13 GLU  45 A

TYR  82 A  11.49    30 %    1.08  365   0.00    0    0.00 XXX   0 X    0.00 XXX   0 X    0.18 GLU   9 A
TYR  82 A                                            0.00 XXX   0 X    0.00 XXX   0 X   -0.24 ARG  21 A
TYR  82 A                                            0.00 XXX   0 X    0.00 XXX   0 X    0.27 GLU  28 A
TYR  82 A                                            0.00 XXX   0 X    0.00 XXX   0 X    0.20 GLU  84 A

TYR  91 A  11.07    34 %    0.84  376   0.00    0    0.00 XXX   0 X    0.00 XXX   0 X   -0.01 ARG  94 A
TYR  91 A                                            0.00 XXX   0 X    0.00 XXX   0 X    0.10 CYS 147 A
TYR  91 A                                            0.00 XXX   0 X    0.00 XXX   0 X    0.13 TYR  95 A

TYR  95 A  10.16     0 %    0.48  252   0.00    0    0.00 XXX   0 X    0.00 XXX   0 X    0.07 GLU  84 A
TYR  95 A                                            0.00 XXX   0 X    0.00 XXX   0 X   -0.38 ARG  94 A
TYR  95 A                                            0.00 XXX   0 X    0.00 XXX   0 X   -0.01 LYS 143 A

TYR 178 A  15.29   100 %    3.93  589   0.00    0   -0.85 SER 136 A   -0.42 SER 136 A    0.05 ASP 133 A
TYR 178 A                                            0.85 GLU 210 A    0.00 XXX   0 X   -0.31 ARG 177 A
TYR 178 A                                            0.00 XXX   0 X    0.00 XXX   0 X    2.03 GLU 210 A

TYR 202 A  12.08   100 %    3.85  602   0.00    0   -0.85 TYR 228 A    0.00 XXX   0 X    0.19 GLU 182 A
TYR 202 A                                            0.00 XXX   0 X    0.00 XXX   0 X    0.15 CYS 246 A
TYR 202 A                                            0.00 XXX   0 X    0.00 XXX   0 X   -0.91 ARG 251 A
TYR 202 A                                            0.00 XXX   0 X    0.00 XXX   0 X   -0.35 ARG 282 A

TYR 224 A  16.92    77 %    3.69  498   0.00    0   -0.58 SER 136 A    0.00 XXX   0 X    0.02 ASP  90 A
TYR 224 A                                            0.85 GLU 210 A    0.00 XXX   0 X   -0.13 ARG 177 A
TYR 224 A                                            0.00 XXX   0 X    0.00 XXX   0 X   -0.06 ARG 213 A
TYR 224 A                                            0.00 XXX   0 X    0.00 XXX   0 X   -0.02 ARG 214 A
TYR 224 A                                            0.00 XXX   0 X    0.00 XXX   0 X    1.11 TYR 178 A
TYR 224 A                                            0.00 XXX   0 X    0.00 XXX   0 X    2.03 GLU 210 A

TYR 228 A  16.05   100 %    4.04  561   0.00    0   -0.04 ARG 251 A    0.00 XXX   0 X    0.06 CYS 246 A
TYR 228 A                                            0.85 TYR 202 A    0.00 XXX   0 X   -0.87 ARG 251 A
TYR 228 A                                            0.00 XXX   0 X    0.00 XXX   0 X   -0.02 ARG 282 A
TYR 228 A                                            0.00 XXX   0 X    0.00 XXX   0 X    2.03 TYR 202 A

TYR 229 A  10.55    11 %    0.51  311   0.00    0   -0.09 ARG 213 A    0.00 XXX   0 X   -0.37 ARG 213 A
TYR 229 A                                            0.03 ASP 230 A    0.00 XXX   0 X    0.02 GLU 222 A
TYR 229 A                                           -0.00 ASN 253 A    0.00 XXX   0 X    0.04 ASP 223 A
TYR 229 A                                            0.00 XXX   0 X    0.00 XXX   0 X    0.41 ASP 230 A

TYR 276 A  10.51     0 %    0.34  262   0.00    0    0.00 XXX   0 X    0.00 XXX   0 X   -0.01 ARG 272 A
TYR 276 A                                            0.00 XXX   0 X    0.00 XXX   0 X    0.27 GLU 273 A
TYR 276 A                                            0.00 XXX   0 X    0.00 XXX   0 X    0.03 CYS 274 A
TYR 276 A                                            0.00 XXX   0 X    0.00 XXX   0 X   -0.10 LYS 269 A

LYS  13 A  10.25     6 %   -0.46  299   0.00    0    0.00 XXX   0 X    0.00 XXX   0 X   -0.01 ARG  15 A
LYS  13 A                                            0.00 XXX   0 X    0.00 XXX   0 X    0.06 GLU  18 A
LYS  13 A                                            0.00 XXX   0 X    0.00 XXX   0 X    0.18 GLU  38 A
LYS  13 A                                            0.00 XXX   0 X    0.00 XXX   0 X   -0.01 LYS  32 A

LYS  23 A  10.19     0 %   -0.37  215   0.00    0    0.00 XXX   0 X    0.00 XXX   0 X   -0.19 ARG  21 A
LYS  23 A                                            0.00 XXX   0 X    0.00 XXX   0 X    0.25 GLU  28 A

LYS  32 A  10.35   100 %   -4.13  582   0.00    0    0.85 GLU  45 A    0.00 XXX   0 X   -0.40 ARG  15 A
LYS  32 A                                            0.00 XXX   0 X    0.00 XXX   0 X    2.03 GLU  45 A
LYS  32 A                                            0.00 XXX   0 X    0.00 XXX   0 X    1.50 ASP 151 A

LYS  68 A   9.05    22 %   -1.12  343   0.00    0    0.00 XXX   0 X    0.00 XXX   0 X   -0.36 ARG   3 A
LYS  68 A                                            0.00 XXX   0 X    0.00 XXX   0 X    0.04 ASP  66 A

LYS 104 A  10.26     0 %   -0.24  282   0.00    0    0.00 XXX   0 X    0.00 XXX   0 X    0.01 GLU 100 A

LYS 126 A   7.50    72 %   -3.04  483   0.00    0    0.00 XXX   0 X    0.00 XXX   0 X    0.05 GLU 119 A
LYS 126 A                                            0.00 XXX   0 X    0.00 XXX   0 X   -0.01 LYS 197 A

LYS 135 A  10.03    66 %   -1.58  465   0.00    0    0.00 XXX   0 X    0.00 XXX   0 X   -0.13 ARG  15 A
LYS 135 A                                            0.00 XXX   0 X    0.00 XXX   0 X    0.41 ASP 151 A
LYS 135 A                                            0.00 XXX   0 X    0.00 XXX   0 X    0.01 ASP 235 A
LYS 135 A                                            0.00 XXX   0 X    0.00 XXX   0 X    0.82 ASP 133 A

LYS 137 A   9.53    40 %   -0.73  394   0.00    0    0.00 XXX   0 X    0.00 XXX   0 X    0.04 ASP  90 A
LYS 137 A                                            0.00 XXX   0 X    0.00 XXX   0 X   -0.14 ARG 177 A
LYS 137 A                                            0.00 XXX   0 X    0.00 XXX   0 X    0.12 GLU 210 A
LYS 137 A                                            0.00 XXX   0 X    0.00 XXX   0 X    0.05 ASP 235 A
LYS 137 A                                            0.00 XXX   0 X    0.00 XXX   0 X   -0.31 LYS 135 A

LYS 142 A  10.28    41 %   -1.07  395   0.00    0    0.00 XXX   0 X    0.00 XXX   0 X   -0.04 ARG  55 A
LYS 142 A                                            0.00 XXX   0 X    0.00 XXX   0 X    0.14 GLU  57 A
LYS 142 A                                            0.00 XXX   0 X    0.00 XXX   0 X    0.21 ASP  81 A
LYS 142 A                                            0.00 XXX   0 X    0.00 XXX   0 X    0.01 CYS 147 A
LYS 142 A                                            0.00 XXX   0 X    0.00 XXX   0 X    0.54 CYS 148 A

LYS 143 A  10.55     0 %   -0.09  153   0.00    0    0.00 XXX   0 X    0.00 XXX   0 X    0.14 GLU  84 A
LYS 143 A                                            0.00 XXX   0 X    0.00 XXX   0 X    0.01 TYR  95 A

LYS 176 A  10.42     0 %   -0.20  267   0.00    0    0.00 XXX   0 X    0.00 XXX   0 X    0.02 ASP 133 A
LYS 176 A                                            0.00 XXX   0 X    0.00 XXX   0 X    0.10 ASP 235 A

LYS 191 A  10.44     0 %   -0.06  142   0.00    0    0.00 XXX   0 X    0.00 XXX   0 X    0.01 ASP 163 A

LYS 197 A  10.42    53 %   -1.27  429   0.00    0    0.64 GLU 194 A    0.00 XXX   0 X    0.01 GLU 119 A
LYS 197 A                                            0.00 XXX   0 X    0.00 XXX   0 X   -0.09 ARG 198 A
LYS 197 A                                            0.00 XXX   0 X    0.00 XXX   0 X    0.00 ASP 200 A
LYS 197 A                                            0.00 XXX   0 X    0.00 XXX   0 X    0.62 GLU 194 A

LYS 243 A  10.56     0 %   -0.17  162   0.00    0    0.00 XXX   0 X    0.00 XXX   0 X    0.19 GLU 239 A
LYS 243 A                                            0.00 XXX   0 X    0.00 XXX   0 X    0.06 GLU 240 A
LYS 243 A                                            0.00 XXX   0 X    0.00 XXX   0 X   -0.13 ARG 242 A
LYS 243 A                                            0.00 XXX   0 X    0.00 XXX   0 X    0.12 GLU 247 A

LYS 249 A  10.37     0 %   -0.22  226   0.00    0    0.00 XXX   0 X    0.00 XXX   0 X    0.04 ASP 185 A
LYS 249 A                                            0.00 XXX   0 X    0.00 XXX   0 X    0.10 CYS 246 A
LYS 249 A                                            0.00 XXX   0 X    0.00 XXX   0 X    0.03 GLU 247 A
LYS 249 A                                            0.00 XXX   0 X    0.00 XXX   0 X   -0.08 ARG 251 A

LYS 269 A  11.57     0 %   -0.28  266   0.00    0    0.85 GLU 273 A    0.00 XXX   0 X    0.10 TYR 276 A
LYS 269 A                                            0.00 XXX   0 X    0.00 XXX   0 X    0.40 GLU 273 A

LYS 289 A  10.06    20 %   -0.49  338   0.00    0    0.00 XXX   0 X    0.00 XXX   0 X    0.05 GLU  57 A

LYS 290 A   9.89     0 %   -0.31  214   0.00    0    0.00 XXX   0 X    0.00 XXX   0 X   -0.26 ARG 287 A
LYS 290 A                                            0.00 XXX   0 X    0.00 XXX   0 X   -0.05 LYS 289 A

ARG   3 A  12.25     0 %   -0.29  236   0.00    0    0.00 XXX   0 X    0.00 XXX   0 X    0.05 ASP  66 A

ARG  15 A  12.73    67 %   -1.73  469   0.00    0    0.01 ASP 151 A    0.00 XXX   0 X    0.42 ASP 133 A
ARG  15 A                                            0.00 XXX   0 X    0.00 XXX   0 X    0.53 GLU  45 A
ARG  15 A                                            0.00 XXX   0 X    0.00 XXX   0 X    1.00 ASP 151 A

ARG  21 A  13.74     0 %   -0.42  257   0.00    0    0.07 GLU  28 A    0.00 XXX   0 X    0.23 GLU  28 A
ARG  21 A                                            0.76 GLU   9 A    0.00 XXX   0 X    0.24 TYR  82 A
ARG  21 A                                            0.00 XXX   0 X    0.00 XXX   0 X    0.03 GLU  84 A
ARG  21 A                                            0.00 XXX   0 X    0.00 XXX   0 X    0.33 GLU   9 A

ARG  25 A  12.41     0 %   -0.09  125   0.00    0    0.00 XXX   0 X    0.00 XXX   0 X    0.00 XXX   0 X

ARG  37 A  12.55     0 %   -0.09  149   0.00    0    0.00 XXX   0 X    0.00 XXX   0 X    0.14 GLU  38 A

ARG  40 A  12.44     0 %   -0.28  238   0.00    0    0.00 XXX   0 X    0.00 XXX   0 X    0.16 GLU  39 A
ARG  40 A                                            0.00 XXX   0 X    0.00 XXX   0 X    0.07 GLU  47 A
ARG  40 A                                            0.00 XXX   0 X    0.00 XXX   0 X   -0.01 ARG  44 A

ARG  44 A  13.84    42 %   -1.60  398   0.00    0    0.70 GLU  47 A    0.00 XXX   0 X    0.36 GLU  47 A
ARG  44 A                                            1.30 ASP 166 A    0.00 XXX   0 X    0.58 ASP 166 A

ARG  55 A  12.40    12 %   -0.34  316   0.00    0    0.00 XXX   0 X    0.00 XXX   0 X    0.24 ASP  81 A

ARG  94 A  12.70     0 %   -0.24  195   0.00    0    0.00 XXX   0 X    0.00 XXX   0 X    0.05 GLU  84 A
ARG  94 A                                            0.00 XXX   0 X    0.00 XXX   0 X    0.00 ASP  90 A
ARG  94 A                                            0.00 XXX   0 X    0.00 XXX   0 X    0.01 TYR  91 A
ARG  94 A                                            0.00 XXX   0 X    0.00 XXX   0 X    0.38 TYR  95 A

ARG 132 A  11.07    65 %   -1.48  464   0.00    0    0.00 XXX   0 X    0.00 XXX   0 X    0.05 ASP 133 A
ARG 132 A                                            0.00 XXX   0 X    0.00 XXX   0 X    0.05 ASP 166 A
ARG 132 A                                            0.00 XXX   0 X    0.00 XXX   0 X    0.14 ASP 200 A
ARG 132 A                                            0.00 XXX   0 X    0.00 XXX   0 X   -0.07 ARG  15 A
ARG 132 A                                            0.00 XXX   0 X    0.00 XXX   0 X   -0.12 ARG  44 A

ARG 157 A  12.61    44 %   -1.19  405   0.00    0    0.80 ASP 166 A    0.00 XXX   0 X    0.37 GLU  47 A
ARG 157 A                                            0.00 XXX   0 X    0.00 XXX   0 X   -0.35 ARG  44 A
ARG 157 A                                            0.00 XXX   0 X    0.00 XXX   0 X    0.48 ASP 166 A

ARG 177 A  11.53    51 %   -1.60  424   0.00    0    0.00 XXX   0 X    0.00 XXX   0 X    0.31 TYR 178 A
ARG 177 A                                            0.00 XXX   0 X    0.00 XXX   0 X    0.14 GLU 210 A
ARG 177 A                                            0.00 XXX   0 X    0.00 XXX   0 X    0.13 TYR 224 A
ARG 177 A                                            0.00 XXX   0 X    0.00 XXX   0 X    0.04 ASP 235 A
ARG 177 A                                            0.00 XXX   0 X    0.00 XXX   0 X    0.00 GLU 240 A

ARG 198 A  12.10    16 %   -0.68  325   0.00    0    0.00 XXX   0 X    0.00 XXX   0 X    0.05 GLU 182 A
ARG 198 A                                            0.00 XXX   0 X    0.00 XXX   0 X    0.30 GLU 194 A
ARG 198 A                                            0.00 XXX   0 X    0.00 XXX   0 X   -0.06 ARG 282 A

ARG 213 A  11.49    53 %   -1.92  429   0.00    0    0.09 TYR 229 A    0.00 XXX   0 X    0.01 GLU 210 A
ARG 213 A                                            0.00 XXX   0 X    0.00 XXX   0 X    0.28 GLU 222 A
ARG 213 A                                            0.00 XXX   0 X    0.00 XXX   0 X    0.12 ASP 223 A
ARG 213 A                                            0.00 XXX   0 X    0.00 XXX   0 X    0.06 TYR 224 A
ARG 213 A                                            0.00 XXX   0 X    0.00 XXX   0 X    0.37 TYR 229 A
ARG 213 A                                            0.00 XXX   0 X    0.00 XXX   0 X    0.07 ASP 230 A
ARG 213 A                                            0.00 XXX   0 X    0.00 XXX   0 X   -0.06 ARG 214 A
ARG 213 A                                            0.00 XXX   0 X    0.00 XXX   0 X   -0.03 ARG 257 A

ARG 214 A  11.55    28 %   -1.10  361   0.00    0    0.00 XXX   0 X    0.00 XXX   0 X    0.03 GLU 222 A
ARG 214 A                                            0.00 XXX   0 X    0.00 XXX   0 X    0.11 ASP 223 A
ARG 214 A                                            0.00 XXX   0 X    0.00 XXX   0 X    0.02 TYR 224 A

ARG 242 A  14.78     0 %   -0.39  232   0.00    0    1.23 GLU 239 A    0.00 XXX   0 X    0.05 ASP 185 A
ARG 242 A                                            0.59 GLU 247 A    0.00 XXX   0 X    0.01 ASP 186 A
ARG 242 A                                            0.00 XXX   0 X    0.00 XXX   0 X    0.14 CYS 246 A
ARG 242 A                                            0.00 XXX   0 X    0.00 XXX   0 X    0.38 GLU 239 A
ARG 242 A                                            0.00 XXX   0 X    0.00 XXX   0 X    0.28 GLU 247 A

ARG 251 A  12.37    67 %   -1.96  468   0.00    0    0.04 TYR 228 A    0.00 XXX   0 X    0.07 GLU 182 A
ARG 251 A                                            0.00 XXX   0 X    0.00 XXX   0 X    0.91 TYR 202 A
ARG 251 A                                            0.00 XXX   0 X    0.00 XXX   0 X    0.87 TYR 228 A
ARG 251 A                                            0.00 XXX   0 X    0.00 XXX   0 X    0.14 CYS 246 A
ARG 251 A                                            0.00 XXX   0 X    0.00 XXX   0 X   -0.21 ARG 282 A

ARG 257 A  13.59    27 %   -1.24  356   0.00    0    1.51 GLU 222 A    0.00 XXX   0 X    0.24 CYS 215 A
ARG 257 A                                            0.00 XXX   0 X    0.00 XXX   0 X    0.06 CYS 261 A
ARG 257 A                                            0.00 XXX   0 X    0.00 XXX   0 X    0.52 GLU 222 A

ARG 265 A  13.02     0 %   -0.36  217   0.00    0    0.42 GLU 262 A    0.00 XXX   0 X    0.11 CYS 261 A
ARG 265 A                                            0.00 XXX   0 X    0.00 XXX   0 X    0.35 GLU 262 A

ARG 272 A  11.77    30 %   -0.74  365   0.00    0    0.00 XXX   0 X    0.00 XXX   0 X    0.01 TYR 276 A
ARG 272 A                                            0.00 XXX   0 X    0.00 XXX   0 X   -0.01 ARG 251 A

ARG 282 A  12.73    83 %   -2.93  513   0.00    0    1.52 GLU 182 A    0.00 XXX   0 X    0.35 TYR 202 A
ARG 282 A                                            0.00 XXX   0 X    0.00 XXX   0 X    0.02 TYR 228 A
ARG 282 A                                            0.00 XXX   0 X    0.00 XXX   0 X    0.21 CYS 274 A
ARG 282 A                                            0.00 XXX   0 X    0.00 XXX   0 X    1.07 GLU 182 A

ARG 287 A  12.29     0 %   -0.21  216   0.00    0    0.00 XXX   0 X    0.00 XXX   0 X    0.00 XXX   0 X

N+    1 A   7.47     0 %   -0.60  282   0.00    0    0.00 XXX   0 X    0.00 XXX   0 X   -0.02 ARG   3 A
N+    1 A                                            0.00 XXX   0 X    0.00 XXX   0 X    0.12 ASP  66 A
N+    1 A                                            0.00 XXX   0 X    0.00 XXX   0 X   -0.03 LYS  68 A

855  N5 A   7.88    90 %   -2.03  533   0.00    0    0.00 XXX   0 X    0.00 XXX   0 X   -0.54 LYS  32 A
855  N5 A                                            0.00 XXX   0 X    0.00 XXX   0 X    0.08 GLU  45 A
855  N5 A                                            0.00 XXX   0 X    0.00 XXX   0 X    0.05 ASP  90 A
855  N5 A                                            0.00 XXX   0 X    0.00 XXX   0 X    0.18 CYS 148 A
855  N5 A                                            0.00 XXX   0 X    0.00 XXX   0 X    0.15 ASP 151 A

855  N9 A  -1.65   100 %   -2.37  579   0.00    0    0.00 XXX   0 X    0.00 XXX   0 X   -1.92 855  N5 A
855  N9 A                                            0.00 XXX   0 X    0.00 XXX   0 X   -1.23 LYS  32 A
855  N9 A                                            0.00 XXX   0 X    0.00 XXX   0 X   -0.11 HIS  83 A
855  N9 A                                            0.00 XXX   0 X    0.00 XXX   0 X   -1.03 855 N15 A

855 N15 A   1.14    85 %   -3.19  520   0.00    0    0.00 XXX   0 X    1.14 HIS  83 A   -1.21 855  N5 A
855 N15 A                                            0.00 XXX   0 X    0.00 XXX   0 X   -0.61 HIS  83 A

Coupled residues (marked *) were detected.Please rerun PropKa with the --display-coupled-residues 
or -d option for detailed information.

2024-01-31 15:10:10,987 INFO:output.py:227:print_pka_section:pKa summary:
--------------------------------------------------------------------------------------------------------
SUMMARY OF THIS PREDICTION
       Group      pKa  model-pKa   ligand atom-type
   ASP  66 A     3.26       3.80                      
   ASP  69 A     3.30       3.80                      
   ASP  81 A     4.39       3.80                      
   ASP  90 A     4.49       3.80                      
   ASP 133 A     4.39       3.80                      
   ASP 151 A     2.73       3.80                      
   ASP 159 A     2.85       3.80                      
   ASP 163 A     3.00       3.80                      
   ASP 166 A     1.85       3.80                      
   ASP 185 A     3.01       3.80                      
   ASP 186 A     4.09       3.80                      
   ASP 200 A     2.81       3.80                      
   ASP 223 A     3.72       3.80                      
   ASP 230 A     3.99       3.80                      
   ASP 235 A     3.77       3.80                      
   GLU   9 A     3.69       4.50                      
   GLU  18 A     4.06       4.50                      
   GLU  27 A     4.82       4.50                      
   GLU  28 A     4.51       4.50                      
   GLU  38 A     4.09       4.50                      
   GLU  39 A     4.59       4.50                      
   GLU  45 A     5.80       4.50                      
   GLU  47 A     3.84       4.50                      
   GLU  57 A     4.30       4.50                      
   GLU  84 A     4.33       4.50                      
   GLU 100 A     4.19       4.50                      
   GLU 119 A     3.96       4.50                      
   GLU 182 A     4.31       4.50                      
   GLU 194 A     3.69       4.50                      
   GLU 210 A     6.76       4.50                      
   GLU 222 A     3.39       4.50                      
   GLU 239 A     3.02       4.50                      
   GLU 240 A     4.09       4.50                      
   GLU 247 A     3.81       4.50                      
   GLU 262 A     4.02       4.50                      
   GLU 273 A     4.09       4.50                      
   C-  298 A     3.42       3.20                      
   HIS  56 A     5.04       6.50                      
   HIS  83 A     4.43       6.50                      
   HIS  85 A     5.71       6.50                      
   HIS 115 A     4.40       6.50                      
   HIS 117 A     5.75       6.50                      
   HIS 131 A     5.45       6.50                      
   HIS 158 A     6.70       6.50                      
   HIS 192 A     6.10       6.50                      
   HIS 221 A     5.87       6.50                      
   CYS 147 A    11.22       9.00                      
   CYS 148 A    12.22       9.00                      
   CYS 215 A    11.37       9.00                      
   CYS 246 A    10.57       9.00                      
   CYS 261 A     8.60       9.00                      
   CYS 274 A    12.59       9.00                      
   TYR  49 A    15.71      10.00                      
   TYR  82 A    11.49      10.00                      
   TYR  91 A    11.07      10.00                      
   TYR  95 A    10.16      10.00                      
   TYR 178 A    15.29      10.00                      
   TYR 202 A    12.08      10.00                      
   TYR 224 A    16.92      10.00                      
   TYR 228 A    16.05      10.00                      
   TYR 229 A    10.55      10.00                      
   TYR 276 A    10.51      10.00                      
   LYS  13 A    10.25      10.50                      
   LYS  23 A    10.19      10.50                      
   LYS  32 A    10.35      10.50                      
   LYS  68 A     9.05      10.50                      
   LYS 104 A    10.26      10.50                      
   LYS 126 A     7.50      10.50                      
   LYS 135 A    10.03      10.50                      
   LYS 137 A     9.53      10.50                      
   LYS 142 A    10.28      10.50                      
   LYS 143 A    10.55      10.50                      
   LYS 176 A    10.42      10.50                      
   LYS 191 A    10.44      10.50                      
   LYS 197 A    10.42      10.50                      
   LYS 243 A    10.56      10.50                      
   LYS 249 A    10.37      10.50                      
   LYS 269 A    11.57      10.50                      
   LYS 289 A    10.06      10.50                      
   LYS 290 A     9.89      10.50                      
   ARG   3 A    12.25      12.50                      
   ARG  15 A    12.73      12.50                      
   ARG  21 A    13.74      12.50                      
   ARG  25 A    12.41      12.50                      
   ARG  37 A    12.55      12.50                      
   ARG  40 A    12.44      12.50                      
   ARG  44 A    13.84      12.50                      
   ARG  55 A    12.40      12.50                      
   ARG  94 A    12.70      12.50                      
   ARG 132 A    11.07      12.50                      
   ARG 157 A    12.61      12.50                      
   ARG 177 A    11.53      12.50                      
   ARG 198 A    12.10      12.50                      
   ARG 213 A    11.49      12.50                      
   ARG 214 A    11.55      12.50                      
   ARG 242 A    14.78      12.50                      
   ARG 251 A    12.37      12.50                      
   ARG 257 A    13.59      12.50                      
   ARG 265 A    13.02      12.50                      
   ARG 272 A    11.77      12.50                      
   ARG 282 A    12.73      12.50                      
   ARG 287 A    12.29      12.50                      
   N+    1 A     7.47       8.00                      
   855  N5 A     7.88      10.00                N32   
   855  N9 A    -1.65       5.00                NAR   
   855 N15 A     1.14       5.00                NAR   

2024-01-31 15:10:11,036 INFO:main.py:636:non_trivial:PROPKA information:
--------------------------------------------------------------------------------------------------------
Free energy of   folding (kcal/mol) as a function of pH (using neutral reference)
  0.00     88.94
  1.00     84.48
  2.00     78.63
  3.00     69.56
  4.00     56.73
  5.00     46.50
  6.00     40.96
  7.00     37.46
  8.00     35.49
  9.00     34.31
 10.00     37.26
 11.00     45.73
 12.00     53.91
 13.00     61.23
 14.00     69.77

The pH of optimum stability is  8.9 for which the free energy is   34.3 kcal/mol at 298K
Could not determine pH values where the free energy is within 80 % of minimum
Could not determine the pH-range where the free energy is negative


Protein charge of folded and unfolded state as a function of pH
    pH  unfolded  folded
  0.00     55.00   51.94
  0.10     55.00   51.91
  0.20     54.99   51.88
  0.30     54.99   51.84
  0.40     54.99   51.79
  0.50     54.99   51.74
  0.60     54.99   51.68
  0.70     54.98   51.61
  0.80     54.98   51.53
  0.90     54.97   51.44
  1.00     54.96   51.34
  1.10     54.95   51.22
  1.20     54.94   51.10
  1.30     54.93   50.96
  1.40     54.91   50.80
  1.50     54.88   50.63
  1.60     54.85   50.44
  1.70     54.82   50.23
  1.80     54.77   50.00
  1.90     54.71   49.74
  2.00     54.64   49.45
  2.10     54.54   49.12
  2.20     54.43   48.75
  2.30     54.29   48.33
  2.40     54.11   47.85
  2.50     53.90   47.30
  2.60     53.63   46.69
  2.70     53.31   46.00
  2.80     52.91   45.23
  2.90     52.44   44.38
  3.00     51.87   43.45
  3.10     51.20   42.44
  3.20     50.42   41.35
  3.30     49.51   40.17
  3.40     48.47   38.92
  3.50     47.29   37.59
  3.60     45.97   36.19
  3.70     44.52   34.72
  3.80     42.95   33.20
  3.90     41.27   31.64
  4.00     39.50   30.05
  4.10     37.66   28.46
  4.20     35.76   26.87
  4.30     33.83   25.32
  4.40     31.90   23.81
  4.50     29.99   22.37
  4.60     28.14   21.01
  4.70     26.36   19.73
  4.80     24.67   18.54
  4.90     23.11   17.45
  5.00     21.67   16.44
  5.10     20.37   15.51
  5.20     19.19   14.66
  5.30     18.14   13.86
  5.40     17.19   13.12
  5.50     16.34   12.42
  5.60     15.57   11.76
  5.70     14.86   11.14
  5.80     14.19   10.55
  5.90     13.55    9.99
  6.00     12.92    9.46
  6.10     12.30    8.96
  6.20     11.68    8.48
  6.30     11.05    8.04
  6.40     10.42    7.61
  6.50      9.81    7.21
  6.60      9.20    6.83
  6.70      8.62    6.47
  6.80      8.08    6.13
  6.90      7.57    5.79
  7.00      7.11    5.47
  7.10      6.69    5.16
  7.20      6.31    4.86
  7.30      5.97    4.56
  7.40      5.66    4.27
  7.50      5.38    3.98
  7.60      5.11    3.70
  7.70      4.85    3.43
  7.80      4.60    3.16
  7.90      4.34    2.90
  8.00      4.08    2.64
  8.10      3.79    2.39
  8.20      3.49    2.14
  8.30      3.15    1.88
  8.40      2.78    1.63
  8.50      2.37    1.36
  8.60      1.92    1.09
  8.70      1.41    0.80
  8.80      0.85    0.49
  8.90      0.24    0.16
  9.00     -0.44   -0.21
  9.10     -1.17   -0.61
  9.20     -1.98   -1.05
  9.30     -2.85   -1.54
  9.40     -3.79   -2.09
  9.50     -4.82   -2.71
  9.60     -5.94   -3.40
  9.70     -7.15   -4.17
  9.80     -8.45   -5.02
  9.90     -9.85   -5.95
 10.00    -11.34   -6.97
 10.10    -12.89   -8.06
 10.20    -14.50   -9.21
 10.30    -16.14  -10.42
 10.40    -17.77  -11.66
 10.50    -19.39  -12.92
 10.60    -20.95  -14.19
 10.70    -22.43  -15.45
 10.80    -23.82  -16.70
 10.90    -25.11  -17.93
 11.00    -26.29  -19.14
 11.10    -27.37  -20.33
 11.20    -28.36  -21.51
 11.30    -29.29  -22.67
 11.40    -30.16  -23.83
 11.50    -31.01  -24.99
 11.60    -31.85  -26.14
 11.70    -32.71  -27.29
 11.80    -33.62  -28.45
 11.90    -34.58  -29.61
 12.00    -35.62  -30.77
 12.10    -36.73  -31.94
 12.20    -37.92  -33.11
 12.30    -39.17  -34.26
 12.40    -40.47  -35.40
 12.50    -41.79  -36.51
 12.60    -43.09  -37.59
 12.70    -44.35  -38.61
 12.80    -45.55  -39.58
 12.90    -46.65  -40.49
 13.00    -47.65  -41.32
 13.10    -48.53  -42.09
 13.20    -49.30  -42.80
 13.30    -49.96  -43.44
 13.40    -50.51  -44.03
 13.50    -50.98  -44.56
 13.60    -51.36  -45.05
 13.70    -51.68  -45.49
 13.80    -51.94  -45.90
 13.90    -52.15  -46.27
 14.00    -52.32  -46.61
The pI is  8.94 (folded) and  8.94 (unfolded)

--------------------------------------------------------------------------------------------------------
2024-01-31 15:10:11,037 INFO:biomolecule.py:794:apply_pka_values:Applying pKa values at a pH of 7.40:
2024-01-31 15:10:11,038 WARNING:biomolecule.py:928:apply_pka_values:PDB2PQR could not identify the following residues and residue numbers as returned by PROPKA or PDB2PKA
2024-01-31 15:10:11,038 WARNING:biomolecule.py:931:apply_pka_values:             855 857 A
2024-01-31 15:10:11,038 INFO:main.py:649:non_trivial:Adding hydrogens to biomolecule.
2024-01-31 15:10:11,527 INFO:main.py:652:non_trivial:Debumping biomolecule (again).
2024-01-31 15:10:12,045 INFO:main.py:654:non_trivial:Optimizing hydrogen bonds
2024-01-31 15:10:12,045 INFO:__init__.py:370:initialize_wat_optimization:Initializing water bonding optimization...
2024-01-31 15:10:12,194 INFO:main.py:666:non_trivial:Applying force field to biomolecule states.
2024-01-31 15:10:12,201 INFO:main.py:713:non_trivial:Regenerating headers.
2024-01-31 15:10:12,203 INFO:main.py:738:non_trivial:Regenerating PDB lines.
2024-01-31 15:10:12,244 WARNING:main.py:311:print_pqr:Ignoring 1639 header lines in output.
2024-01-31 15:10:12,244 WARNING:main.py:315:print_pqr:Ignoring 24 missing lines in output.
